<?xml version="1.0" encoding="UTF-8"?>
<!-- Generated by org.testng.reporters.JUnitXMLReporter -->
<testsuite ignored="0" hostname="DESKTOP-BBH489I" failures="0" tests="3" name="Default test" time="262.725" errors="0" timestamp="2023-07-26T14:59:44 IST">
  <testcase classname="eCommerceProject.Flipkart" name="flipkartTest" time="86.687"/>
  <testcase classname="eCommerceProject.Ajio" name="f" time="104.693"/>
  <testcase classname="eCommerceProject.Amazon" name="amazonTest" time="70.1"/>
</testsuite> <!-- Default test -->
