<?xml version="1.0" encoding="UTF-8"?>
<testng-results ignored="0" total="3" passed="3" failed="0" skipped="0">
  <reporter-output>
    <line>
      <![CDATA[Opning Flipkart]]>
    </line>
    <line>
      <![CDATA[Opning Ajio]]>
    </line>
    <line>
      <![CDATA[Opning Amazon]]>
    </line>
  </reporter-output>
  <suite started-at="2023-07-26T14:55:20 IST" name="Default suite" finished-at="2023-07-26T14:59:42 IST" duration-ms="262725">
    <groups>
    </groups>
    <test started-at="2023-07-26T14:55:20 IST" name="Default test" finished-at="2023-07-26T14:59:42 IST" duration-ms="262725">
      <class name="eCommerceProject.Flipkart">
        <test-method signature="flipkartTest()[pri:0, instance:eCommerceProject.Flipkart@76508ed1]" started-at="2023-07-26T14:55:20 IST" name="flipkartTest" finished-at="2023-07-26T14:56:46 IST" duration-ms="86687" status="PASS">
          <reporter-output>
            <line>
              <![CDATA[Opning Flipkart]]>
            </line>
          </reporter-output>
        </test-method> <!-- flipkartTest -->
      </class> <!-- eCommerceProject.Flipkart -->
      <class name="eCommerceProject.Ajio">
        <test-method signature="f()[pri:0, instance:eCommerceProject.Ajio@1cbbffcd]" started-at="2023-07-26T14:56:47 IST" name="f" finished-at="2023-07-26T14:58:32 IST" duration-ms="104693" status="PASS">
          <reporter-output>
            <line>
              <![CDATA[Opning Ajio]]>
            </line>
          </reporter-output>
        </test-method> <!-- f -->
      </class> <!-- eCommerceProject.Ajio -->
      <class name="eCommerceProject.Amazon">
        <test-method signature="amazonTest()[pri:0, instance:eCommerceProject.Amazon@27ce24aa]" started-at="2023-07-26T14:58:32 IST" name="amazonTest" finished-at="2023-07-26T14:59:42 IST" duration-ms="70100" status="PASS">
          <reporter-output>
            <line>
              <![CDATA[Opning Amazon]]>
            </line>
          </reporter-output>
        </test-method> <!-- amazonTest -->
      </class> <!-- eCommerceProject.Amazon -->
    </test> <!-- Default test -->
  </suite> <!-- Default suite -->
</testng-results>
